[debug] [2023-11-16T07:45:48.349Z] ----------------------------------------------------------------------
[debug] [2023-11-16T07:45:48.355Z] Command:       C:\Program Files\nodejs\node.exe C:\Users\FLORA\AppData\Roaming\npm\node_modules\firebase-tools\lib\bin\firebase.js init
[debug] [2023-11-16T07:45:48.355Z] CLI Version:   12.9.1
[debug] [2023-11-16T07:45:48.356Z] Platform:      win32
[debug] [2023-11-16T07:45:48.356Z] Node Version:  v21.1.0
[debug] [2023-11-16T07:45:48.356Z] Time:          Thu Nov 16 2023 13:45:48 GMT+0600 (Bangladesh Standard Time)
[debug] [2023-11-16T07:45:48.356Z] ----------------------------------------------------------------------
[debug] 
[debug] [2023-11-16T07:45:48.367Z] > command requires scopes: ["email","openid","https://www.googleapis.com/auth/cloudplatformprojects.readonly","https://www.googleapis.com/auth/firebase","https://www.googleapis.com/auth/cloud-platform"]
[debug] [2023-11-16T07:45:48.368Z] > authorizing via signed-in user (nishat.mu.47@gmail.com)
[info] 
     ######## #### ########  ######## ########     ###     ######  ########
     ##        ##  ##     ## ##       ##     ##  ##   ##  ##       ##
     ######    ##  ########  ######   ########  #########  ######  ######
     ##        ##  ##    ##  ##       ##     ## ##     ##       ## ##
     ##       #### ##     ## ######## ########  ##     ##  ######  ########

You're about to initialize a Firebase project in this directory:

  D:\p-400\restaurant-web

[info] 
=== Project Setup
[info] 
[info] First, let's associate this project directory with a Firebase project.
[info] You can create multiple project aliases by running firebase use --add, 
[info] but for now we'll just set up a default project.
[info] 
[debug] [2023-11-16T07:45:56.499Z] > refreshing access token with scopes: []
[debug] [2023-11-16T07:45:56.501Z] >>> [apiv2][query] POST https://www.googleapis.com/oauth2/v3/token [none]
[debug] [2023-11-16T07:45:56.501Z] >>> [apiv2][body] POST https://www.googleapis.com/oauth2/v3/token [omitted]
[debug] [2023-11-16T07:45:56.935Z] <<< [apiv2][status] POST https://www.googleapis.com/oauth2/v3/token 400
[debug] [2023-11-16T07:45:56.936Z] <<< [apiv2][body] POST https://www.googleapis.com/oauth2/v3/token [omitted]
[debug] [2023-11-16T07:45:56.936Z] >>> [apiv2][query] GET https://firebase.googleapis.com/v1beta1/projects pageSize=100
[debug] [2023-11-16T07:45:58.150Z] <<< [apiv2][status] GET https://firebase.googleapis.com/v1beta1/projects 401
[debug] [2023-11-16T07:45:58.150Z] <<< [apiv2][body] GET https://firebase.googleapis.com/v1beta1/projects [omitted]
[debug] [2023-11-16T07:45:58.150Z] HTTP Error: 401, Request had invalid authentication credentials. Expected OAuth 2 access token, login cookie or other valid authentication credential. See https://developers.google.com/identity/sign-in/web/devconsole-project.
[debug] [2023-11-16T07:45:58.361Z] FirebaseError: HTTP Error: 401, Request had invalid authentication credentials. Expected OAuth 2 access token, login cookie or other valid authentication credential. See https://developers.google.com/identity/sign-in/web/devconsole-project.
    at responseToError (C:\Users\FLORA\AppData\Roaming\npm\node_modules\firebase-tools\lib\responseToError.js:49:12)
    at RetryOperation._fn (C:\Users\FLORA\AppData\Roaming\npm\node_modules\firebase-tools\lib\apiv2.js:285:77)
    at process.processTicksAndRejections (node:internal/process/task_queues:95:5)
[error] 
[error] Error: Failed to list Firebase projects. See firebase-debug.log for more info.
[debug] [2023-11-16T07:46:10.104Z] ----------------------------------------------------------------------
[debug] [2023-11-16T07:46:10.107Z] Command:       C:\Program Files\nodejs\node.exe C:\Users\FLORA\AppData\Roaming\npm\node_modules\firebase-tools\lib\bin\firebase.js init
[debug] [2023-11-16T07:46:10.108Z] CLI Version:   12.9.1
[debug] [2023-11-16T07:46:10.108Z] Platform:      win32
[debug] [2023-11-16T07:46:10.108Z] Node Version:  v21.1.0
[debug] [2023-11-16T07:46:10.108Z] Time:          Thu Nov 16 2023 13:46:10 GMT+0600 (Bangladesh Standard Time)
[debug] [2023-11-16T07:46:10.109Z] ----------------------------------------------------------------------
[debug] 
[debug] [2023-11-16T07:46:10.121Z] > command requires scopes: ["email","openid","https://www.googleapis.com/auth/cloudplatformprojects.readonly","https://www.googleapis.com/auth/firebase","https://www.googleapis.com/auth/cloud-platform"]
[debug] [2023-11-16T07:46:10.122Z] > authorizing via signed-in user (nishat.mu.47@gmail.com)
[info] 
     ######## #### ########  ######## ########     ###     ######  ########
     ##        ##  ##     ## ##       ##     ##  ##   ##  ##       ##
     ######    ##  ########  ######   ########  #########  ######  ######
     ##        ##  ##    ##  ##       ##     ## ##     ##       ## ##
     ##       #### ##     ## ######## ########  ##     ##  ######  ########

You're about to initialize a Firebase project in this directory:

  D:\p-400\restaurant-web

[info] 
=== Project Setup
[info] 
[info] First, let's associate this project directory with a Firebase project.
[info] You can create multiple project aliases by running firebase use --add, 
[info] but for now we'll just set up a default project.
[info] 
[info] i  If you want to create a project in a Google Cloud organization or folder, please use "firebase projects:create" instead, and return to this command when you've created the project. 
